#
# A fatal error has been detected by the Java Runtime Environment:
#
#  EXCEPTION_ACCESS_VIOLATION (0xc0000005) at pc=0x00000000642013f0, pid=8840, tid=0x00000000000001f4
#
# JRE version: Java(TM) SE Runtime Environment (8.0_101-b13) (build 1.8.0_101-b13)
# Java VM: Java HotSpot(TM) 64-Bit Server VM (25.101-b13 mixed mode windows-amd64 compressed oops)
# Problematic frame:
# V  [jvm.dll+0x4a13f0]
#
# Failed to write core dump. Minidumps are not enabled by default on client versions of Windows
#
# If you would like to submit a bug report, please visit:
#   http://bugreport.java.com/bugreport/crash.jsp
#

---------------  T H R E A D  ---------------

Current thread (0x0000000016bef000):  JavaThread "C2 CompilerThread0" daemon [_thread_in_native, id=500, stack(0x0000000018140000,0x0000000018240000)]

siginfo: ExceptionCode=0xc0000005, writing address 0x0000000000000000

Registers:
RAX=0x0000000000000000, RBX=0x00000000238f2a70, RCX=0x000000001823c5e0, RDX=0x0000000008000000
RSP=0x000000001823c548, RBP=0x000000000000165b, RSI=0x000000001823c900, RDI=0x0000000000002f5d
R8 =0x0000000008000000, R9 =0x00000000199f3ee0, R10=0x0000000063d60000, R11=0x0000000023880b50
R12=0x000000006457ae10, R13=0x0000000021d7d820, R14=0x00000000000fb900, R15=0x0000000063d60000
RIP=0x00000000642013f0, EFLAGS=0x0000000000010246

Top of Stack: (sp=0x000000001823c548)
0x000000001823c548:   00000000641c9d3f 000000001823c920
0x000000001823c558:   00000000238eefb0 000000000000165b
0x000000001823c568:   000000001823c900 000023fd00000000
0x000000001823c578:   0000000000000008 0000000020b39d60
0x000000001823c588:   0000000000000033 0000000020cb3c20
0x000000001823c598:   0000000000000033 0000000023880650
0x000000001823c5a8:   0000324a00000000 0000000000000008
0x000000001823c5b8:   000000001c62e420 0000000000000033
0x000000001823c5c8:   0000000020b244f8 0000000000000033
0x000000001823c5d8:   00000000237f8930 00002f6200000000
0x000000001823c5e8:   0000000000000003 000000001c8357c0
0x000000001823c5f8:   0000000000000030 000000001dece910
0x000000001823c608:   0000000000000033 000000001823c920
0x000000001823c618:   0000000000000033 000000001dc46e18
0x000000001823c628:   000000001823c900 000000000000165b
0x000000001823c638:   0000000023880650 00000000000023f0 

Instructions: (pc=0x00000000642013f0)
0x00000000642013d0:   bb 90 00 00 00 72 e9 48 8b 5c 24 40 48 83 c4 20
0x00000000642013e0:   5f c3 cc cc cc cc cc cc cc cc cc cc cc cc cc cc
0x00000000642013f0:   40 57 48 83 ec 20 48 63 51 08 48 8b f9 83 fa 08
0x0000000064201400:   73 22 48 8b 41 10 48 8d 0c 90 66 0f 1f 44 00 00 


Register to memory mapping:

RAX=0x0000000000000000 is an unknown value
RBX=0x00000000238f2a70 is an unknown value
RCX=0x000000001823c5e0 is pointing into the stack for thread: 0x0000000016bef000
RDX=0x0000000008000000 is an unknown value
RSP=0x000000001823c548 is pointing into the stack for thread: 0x0000000016bef000
RBP=0x000000000000165b is an unknown value
RSI=0x000000001823c900 is pointing into the stack for thread: 0x0000000016bef000
RDI=0x0000000000002f5d is an unknown value
R8 =0x0000000008000000 is an unknown value
R9 =0x00000000199f3ee0 is an unknown value
R10=0x0000000063d60000 is an unknown value
R11=0x0000000023880b50 is an unknown value
R12=0x000000006457ae10 is an unknown value
R13=0x0000000021d7d820 is an unknown value
R14=0x00000000000fb900 is an unknown value
R15=0x0000000063d60000 is an unknown value


Stack: [0x0000000018140000,0x0000000018240000],  sp=0x000000001823c548,  free space=1009k
Native frames: (J=compiled Java code, j=interpreted, Vv=VM code, C=native code)
V  [jvm.dll+0x4a13f0]
V  [jvm.dll+0x469d3f]
V  [jvm.dll+0x46b808]
V  [jvm.dll+0x46b9f6]
V  [jvm.dll+0x469584]
V  [jvm.dll+0x4685f4]
V  [jvm.dll+0x473aab]
V  [jvm.dll+0x476378]
V  [jvm.dll+0x458d82]
V  [jvm.dll+0xa57c2]
V  [jvm.dll+0xa60ff]
V  [jvm.dll+0x2451a4]
V  [jvm.dll+0x29c18a]
C  [msvcr100.dll+0x21d9f]
C  [msvcr100.dll+0x21e3b]
C  [KERNEL32.DLL+0x13d2]
C  [ntdll.dll+0x154e4]


Current CompileTask:
C2: 156562 9006       4       org.springframework.core.type.classreading.AnnotationAttributesReadingVisitor::visitEnd (227 bytes)


---------------  P R O C E S S  ---------------

Java Threads: ( => current thread )
  0x000000001d6c7800 JavaThread "Tomcat JDBC Pool Cleaner[1943105171:1502921510772]" daemon [_thread_blocked, id=7708, stack(0x0000000021ae0000,0x0000000021be0000)]
  0x000000001d6c3800 JavaThread "container-0" [_thread_blocked, id=8472, stack(0x00000000203a0000,0x00000000204a0000)]
  0x000000001d6c6800 JavaThread "ContainerBackgroundProcessor[StandardEngine[Tomcat]]" daemon [_thread_blocked, id=6668, stack(0x000000001fba0000,0x000000001fca0000)]
  0x000000001d6c2000 JavaThread "localhost-startStop-1" daemon [_thread_blocked, id=4244, stack(0x000000001f7a0000,0x000000001f8a0000)]
  0x000000001d6c1800 JavaThread "Tomcat-startStop-1" daemon [_thread_blocked, id=7780, stack(0x000000001f5a0000,0x000000001f6a0000)]
  0x000000001d6c0800 JavaThread "restartedMain" [_thread_in_native, id=6756, stack(0x000000001a600000,0x000000001a700000)]
  0x000000001da30800 JavaThread "Thread-18" [_thread_blocked, id=6464, stack(0x000000001b180000,0x000000001b280000)]
  0x000000001da35000 JavaThread "DestroyJavaVM" [_thread_blocked, id=1080, stack(0x0000000001e80000,0x0000000001f80000)]
  0x000000001da2f000 JavaThread "Live Reload Server" daemon [_thread_in_native, id=8932, stack(0x0000000021be0000,0x0000000021ce0000)]
  0x0000000018f14800 JavaThread "Abandoned connection cleanup thread" daemon [_thread_blocked, id=6172, stack(0x000000001fca0000,0x000000001fda0000)]
  0x0000000018468800 JavaThread "Service Thread" daemon [_thread_blocked, id=8568, stack(0x0000000018840000,0x0000000018940000)]
  0x0000000016bf5000 JavaThread "C1 CompilerThread2" daemon [_thread_blocked, id=5408, stack(0x0000000018340000,0x0000000018440000)]
  0x0000000016bf1800 JavaThread "C2 CompilerThread1" daemon [_thread_blocked, id=5348, stack(0x0000000018240000,0x0000000018340000)]
=>0x0000000016bef000 JavaThread "C2 CompilerThread0" daemon [_thread_in_native, id=500, stack(0x0000000018140000,0x0000000018240000)]
  0x0000000016bff800 JavaThread "Attach Listener" daemon [_thread_blocked, id=412, stack(0x0000000018040000,0x0000000018140000)]
  0x0000000016bfe000 JavaThread "Signal Dispatcher" daemon [_thread_blocked, id=7496, stack(0x0000000017f40000,0x0000000018040000)]
  0x000000000207e800 JavaThread "Finalizer" daemon [_thread_blocked, id=8680, stack(0x0000000017e40000,0x0000000017f40000)]
  0x0000000002075000 JavaThread "Reference Handler" daemon [_thread_blocked, id=4272, stack(0x0000000017d40000,0x0000000017e40000)]

Other Threads:
  0x0000000016bb7800 VMThread [stack: 0x0000000017c40000,0x0000000017d40000] [id=4628]
  0x0000000018492800 WatcherThread [stack: 0x0000000018940000,0x0000000018a40000] [id=8100]

VM state:not at safepoint (normal execution)

VM Mutex/Monitor currently owned by a thread: None

Heap:
 PSYoungGen      total 495616K, used 219989K [0x00000000d5c00000, 0x00000000f5480000, 0x0000000100000000)
  eden space 476160K, 46% used [0x00000000d5c00000,0x00000000e32d5428,0x00000000f2d00000)
  from space 19456K, 0% used [0x00000000f4080000,0x00000000f4080000,0x00000000f5380000)
  to   space 19968K, 0% used [0x00000000f2d00000,0x00000000f2d00000,0x00000000f4080000)
 ParOldGen       total 82432K, used 32365K [0x0000000081400000, 0x0000000086480000, 0x00000000d5c00000)
  object space 82432K, 39% used [0x0000000081400000,0x000000008339b7f0,0x0000000086480000)
 Metaspace       used 58900K, capacity 59964K, committed 60200K, reserved 1101824K
  class space    used 7436K, capacity 7708K, committed 7720K, reserved 1048576K

Card table byte_map: [0x0000000011440000,0x0000000011840000] byte_map_base: 0x0000000011036000

Marking Bits: (ParMarkBitMap*) 0x000000006457a6d0
 Begin Bits: [0x0000000011ef0000, 0x0000000013ea0000)
 End Bits:   [0x0000000013ea0000, 0x0000000015e50000)

Polling page: 0x0000000000480000

CodeCache: size=245760Kb used=25956Kb max_used=25999Kb free=219804Kb
 bounds [0x0000000002080000, 0x0000000003a10000, 0x0000000011080000]
 total_blobs=8333 nmethods=7787 adapters=457
 compilation: enabled

Compilation events (10 events):
Event: 156.181 Thread 0x0000000016bf1800 nmethod 8997 0x0000000002352810 code [0x0000000002352940, 0x00000000023529b8]
Event: 156.181 Thread 0x0000000016bf1800 9099       4       java.lang.Class::forName (53 bytes)
Event: 156.181 Thread 0x0000000016bf1800 nmethod 9099 0x00000000035df310 code [0x00000000035df460, 0x00000000035df4e8]
Event: 156.181 Thread 0x0000000016bf1800 9077       4       java.lang.Boolean::equals (29 bytes)
Event: 156.182 Thread 0x0000000016bf1800 nmethod 9077 0x0000000002cf7990 code [0x0000000002cf7ac0, 0x0000000002cf7b58]
Event: 156.182 Thread 0x0000000016bf1800 9009       4       java.lang.reflect.Constructor::newInstance (87 bytes)
Event: 156.185 Thread 0x0000000016bf1800 nmethod 9009 0x00000000039d94d0 code [0x00000000039d9640, 0x00000000039d9898]
Event: 156.185 Thread 0x0000000016bf1800 9012       4       sun.reflect.DelegatingConstructorAccessorImpl::newInstance (9 bytes)
Event: 156.185 Thread 0x0000000016bf1800 nmethod 9012 0x0000000002e49750 code [0x0000000002e49880, 0x0000000002e498f8]
Event: 156.185 Thread 0x0000000016bf1800 8981       4       org.springframework.asm.ClassReader::readAnnotationValue (1211 bytes)

GC Heap History (10 events):
Event: 31.555 GC heap before
{Heap before GC invocations=15 (full 3):
 PSYoungGen      total 370688K, used 336763K [0x00000000d5c00000, 0x00000000ee100000, 0x0000000100000000)
  eden space 350720K, 96% used [0x00000000d5c00000,0x00000000ea4decc8,0x00000000eb280000)
  from space 19968K, 0% used [0x00000000eb280000,0x00000000eb280000,0x00000000ec600000)
  to   space 19456K, 0% used [0x00000000ece00000,0x00000000ece00000,0x00000000ee100000)
 ParOldGen       total 82432K, used 32187K [0x0000000081400000, 0x0000000086480000, 0x00000000d5c00000)
  object space 82432K, 39% used [0x0000000081400000,0x000000008336eef0,0x0000000086480000)
 Metaspace       used 54293K, capacity 55028K, committed 55336K, reserved 1097728K
  class space    used 6991K, capacity 7205K, committed 7208K, reserved 1048576K
Event: 31.564 GC heap after
Heap after GC invocations=15 (full 3):
 PSYoungGen      total 376832K, used 8503K [0x00000000d5c00000, 0x00000000edf00000, 0x0000000100000000)
  eden space 359424K, 0% used [0x00000000d5c00000,0x00000000d5c00000,0x00000000ebb00000)
  from space 17408K, 48% used [0x00000000ece00000,0x00000000ed64de00,0x00000000edf00000)
  to   space 18432K, 0% used [0x00000000ebb00000,0x00000000ebb00000,0x00000000ecd00000)
 ParOldGen       total 82432K, used 32195K [0x0000000081400000, 0x0000000086480000, 0x00000000d5c00000)
  object space 82432K, 39% used [0x0000000081400000,0x0000000083370ef0,0x0000000086480000)
 Metaspace       used 54293K, capacity 55028K, committed 55336K, reserved 1097728K
  class space    used 6991K, capacity 7205K, committed 7208K, reserved 1048576K
}
Event: 31.564 GC heap before
{Heap before GC invocations=16 (full 4):
 PSYoungGen      total 376832K, used 8503K [0x00000000d5c00000, 0x00000000edf00000, 0x0000000100000000)
  eden space 359424K, 0% used [0x00000000d5c00000,0x00000000d5c00000,0x00000000ebb00000)
  from space 17408K, 48% used [0x00000000ece00000,0x00000000ed64de00,0x00000000edf00000)
  to   space 18432K, 0% used [0x00000000ebb00000,0x00000000ebb00000,0x00000000ecd00000)
 ParOldGen       total 82432K, used 32195K [0x0000000081400000, 0x0000000086480000, 0x00000000d5c00000)
  object space 82432K, 39% used [0x0000000081400000,0x0000000083370ef0,0x0000000086480000)
 Metaspace       used 54293K, capacity 55028K, committed 55336K, reserved 1097728K
  class space    used 6991K, capacity 7205K, committed 7208K, reserved 1048576K
Event: 31.766 GC heap after
Heap after GC invocations=16 (full 4):
 PSYoungGen      total 376832K, used 0K [0x00000000d5c00000, 0x00000000edf00000, 0x0000000100000000)
  eden space 359424K, 0% used [0x00000000d5c00000,0x00000000d5c00000,0x00000000ebb00000)
  from space 17408K, 0% used [0x00000000ece00000,0x00000000ece00000,0x00000000edf00000)
  to   space 18432K, 0% used [0x00000000ebb00000,0x00000000ebb00000,0x00000000ecd00000)
 ParOldGen       total 82432K, used 33931K [0x0000000081400000, 0x0000000086480000, 0x00000000d5c00000)
  object space 82432K, 41% used [0x0000000081400000,0x0000000083522d28,0x0000000086480000)
 Metaspace       used 54283K, capacity 55010K, committed 55336K, reserved 1097728K
  class space    used 6990K, capacity 7201K, committed 7208K, reserved 1048576K
}
Event: 47.936 GC heap before
{Heap before GC invocations=17 (full 4):
 PSYoungGen      total 376832K, used 359424K [0x00000000d5c00000, 0x00000000edf00000, 0x0000000100000000)
  eden space 359424K, 100% used [0x00000000d5c00000,0x00000000ebb00000,0x00000000ebb00000)
  from space 17408K, 0% used [0x00000000ece00000,0x00000000ece00000,0x00000000edf00000)
  to   space 18432K, 0% used [0x00000000ebb00000,0x00000000ebb00000,0x00000000ecd00000)
 ParOldGen       total 82432K, used 33931K [0x0000000081400000, 0x0000000086480000, 0x00000000d5c00000)
  object space 82432K, 41% used [0x0000000081400000,0x0000000083522d28,0x0000000086480000)
 Metaspace       used 57320K, capacity 58222K, committed 58536K, reserved 1099776K
  class space    used 7326K, capacity 7531K, committed 7592K, reserved 1048576K
Event: 47.955 GC heap after
Heap after GC invocations=17 (full 4):
 PSYoungGen      total 377856K, used 13783K [0x00000000d5c00000, 0x00000000f5380000, 0x0000000100000000)
  eden space 359424K, 0% used [0x00000000d5c00000,0x00000000d5c00000,0x00000000ebb00000)
  from space 18432K, 74% used [0x00000000ebb00000,0x00000000ec875c58,0x00000000ecd00000)
  to   space 19456K, 0% used [0x00000000f4080000,0x00000000f4080000,0x00000000f5380000)
 ParOldGen       total 82432K, used 33939K [0x0000000081400000, 0x0000000086480000, 0x00000000d5c00000)
  object space 82432K, 41% used [0x0000000081400000,0x0000000083524d28,0x0000000086480000)
 Metaspace       used 57320K, capacity 58222K, committed 58536K, reserved 1099776K
  class space    used 7326K, capacity 7531K, committed 7592K, reserved 1048576K
}
Event: 154.469 GC heap before
{Heap before GC invocations=18 (full 4):
 PSYoungGen      total 377856K, used 64264K [0x00000000d5c00000, 0x00000000f5380000, 0x0000000100000000)
  eden space 359424K, 14% used [0x00000000d5c00000,0x00000000d8d4c540,0x00000000ebb00000)
  from space 18432K, 74% used [0x00000000ebb00000,0x00000000ec875c58,0x00000000ecd00000)
  to   space 19456K, 0% used [0x00000000f4080000,0x00000000f4080000,0x00000000f5380000)
 ParOldGen       total 82432K, used 33939K [0x0000000081400000, 0x0000000086480000, 0x00000000d5c00000)
  object space 82432K, 41% used [0x0000000081400000,0x0000000083524d28,0x0000000086480000)
 Metaspace       used 58715K, capacity 59768K, committed 59944K, reserved 1101824K
  class space    used 7422K, capacity 7667K, committed 7720K, reserved 1048576K
Event: 154.478 GC heap after
Heap after GC invocations=18 (full 4):
 PSYoungGen      total 495616K, used 1097K [0x00000000d5c00000, 0x00000000f5480000, 0x0000000100000000)
  eden space 476160K, 0% used [0x00000000d5c00000,0x00000000d5c00000,0x00000000f2d00000)
  from space 19456K, 5% used [0x00000000f4080000,0x00000000f41925d0,0x00000000f5380000)
  to   space 19968K, 0% used [0x00000000f2d00000,0x00000000f2d00000,0x00000000f4080000)
 ParOldGen       total 82432K, used 39308K [0x0000000081400000, 0x0000000086480000, 0x00000000d5c00000)
  object space 82432K, 47% used [0x0000000081400000,0x0000000083a63058,0x0000000086480000)
 Metaspace       used 58715K, capacity 59768K, committed 59944K, reserved 1101824K
  class space    used 7422K, capacity 7667K, committed 7720K, reserved 1048576K
}
Event: 154.478 GC heap before
{Heap before GC invocations=19 (full 5):
 PSYoungGen      total 495616K, used 1097K [0x00000000d5c00000, 0x00000000f5480000, 0x0000000100000000)
  eden space 476160K, 0% used [0x00000000d5c00000,0x00000000d5c00000,0x00000000f2d00000)
  from space 19456K, 5% used [0x00000000f4080000,0x00000000f41925d0,0x00000000f5380000)
  to   space 19968K, 0% used [0x00000000f2d00000,0x00000000f2d00000,0x00000000f4080000)
 ParOldGen       total 82432K, used 39308K [0x0000000081400000, 0x0000000086480000, 0x00000000d5c00000)
  object space 82432K, 47% used [0x0000000081400000,0x0000000083a63058,0x0000000086480000)
 Metaspace       used 58715K, capacity 59768K, committed 59944K, reserved 1101824K
  class space    used 7422K, capacity 7667K, committed 7720K, reserved 1048576K
Event: 154.771 GC heap after
Heap after GC invocations=19 (full 5):
 PSYoungGen      total 495616K, used 0K [0x00000000d5c00000, 0x00000000f5480000, 0x0000000100000000)
  eden space 476160K, 0% used [0x00000000d5c00000,0x00000000d5c00000,0x00000000f2d00000)
  from space 19456K, 0% used [0x00000000f4080000,0x00000000f4080000,0x00000000f5380000)
  to   space 19968K, 0% used [0x00000000f2d00000,0x00000000f2d00000,0x00000000f4080000)
 ParOldGen       total 82432K, used 32365K [0x0000000081400000, 0x0000000086480000, 0x00000000d5c00000)
  object space 82432K, 39% used [0x0000000081400000,0x000000008339b7f0,0x0000000086480000)
 Metaspace       used 58705K, capacity 59750K, committed 59944K, reserved 1101824K
  class space    used 7420K, capacity 7663K, committed 7720K, reserved 1048576K
}

Deoptimization events (10 events):
Event: 154.465 Thread 0x000000001da2f800 Uncommon trap: reason=unstable_if action=reinterpret pc=0x0000000003283984 method=java.util.concurrent.locks.AbstractQueuedSynchronizer.acquire(I)V @ 5
Event: 154.465 Thread 0x000000001d6c4800 Uncommon trap: reason=unstable_if action=reinterpret pc=0x0000000003685cf0 method=java.util.concurrent.locks.AbstractQueuedSynchronizer.acquire(I)V @ 5
Event: 155.494 Thread 0x000000001d6c0800 Uncommon trap: reason=class_check action=maybe_recompile pc=0x0000000003193a08 method=org.springframework.asm.ClassReader.readCode(Lorg/springframework/asm/MethodVisitor;Lorg/springframework/asm/Context;I)V @ 2416
Event: 155.696 Thread 0x000000001d6c0800 Uncommon trap: reason=unstable_if action=reinterpret pc=0x000000000280e834 method=org.springframework.cglib.core.CodeEmitter.emit_invoke(ILorg/springframework/asm/Type;Lorg/springframework/cglib/core/Signature;)V @ 24
Event: 155.788 Thread 0x000000001d6c0800 Uncommon trap: reason=class_check action=maybe_recompile pc=0x0000000003883c70 method=org.apache.tomcat.util.buf.B2CConverter.getCharsetLower(Ljava/lang/String;)Ljava/nio/charset/Charset; @ 9
Event: 155.861 Thread 0x000000001d6c2000 Uncommon trap: reason=unstable_if action=reinterpret pc=0x0000000003649010 method=org.apache.commons.logging.impl.WeakHashtable$Referenced.equals(Ljava/lang/Object;)Z @ 28
Event: 155.936 Thread 0x000000001d6c2000 Uncommon trap: reason=class_check action=maybe_recompile pc=0x0000000003883c70 method=org.apache.tomcat.util.buf.B2CConverter.getCharsetLower(Ljava/lang/String;)Ljava/nio/charset/Charset; @ 9
Event: 155.937 Thread 0x000000001d6c2000 Uncommon trap: reason=class_check action=maybe_recompile pc=0x0000000003883c70 method=org.apache.tomcat.util.buf.B2CConverter.getCharsetLower(Ljava/lang/String;)Ljava/nio/charset/Charset; @ 9
Event: 155.937 Thread 0x000000001d6c2000 Uncommon trap: reason=class_check action=maybe_recompile pc=0x0000000003883c70 method=org.apache.tomcat.util.buf.B2CConverter.getCharsetLower(Ljava/lang/String;)Ljava/nio/charset/Charset; @ 9
Event: 155.937 Thread 0x000000001d6c2000 Uncommon trap: reason=class_check action=maybe_recompile pc=0x0000000003812b1c method=org.apache.tomcat.util.buf.B2CConverter.getCharsetLower(Ljava/lang/String;)Ljava/nio/charset/Charset; @ 9

Internal exceptions (10 events):
Event: 44.723 Thread 0x000000001d6c3800 Exception <a 'java/lang/ClassNotFoundException': com/google/springrest/entity/WindCustomizer> (0x00000000eadcd540) thrown at [C:\re\workspace\8-2-build-windows-amd64-cygwin\jdk8u101\7261\hotspot\src\share\vm\classfile\systemDictionary.cpp, line 210]
Event: 44.767 Thread 0x000000001d6c3800 Exception <a 'java/lang/ClassNotFoundException': java/lang/ObjectCustomizer> (0x00000000eb03cbd0) thrown at [C:\re\workspace\8-2-build-windows-amd64-cygwin\jdk8u101\7261\hotspot\src\share\vm\classfile\systemDictionary.cpp, line 210]
Event: 44.768 Thread 0x000000001d6c3800 Exception <a 'java/lang/ClassNotFoundException': com/google/springrest/entity/WeatherCustomizer> (0x00000000eb057880) thrown at [C:\re\workspace\8-2-build-windows-amd64-cygwin\jdk8u101\7261\hotspot\src\share\vm\classfile\systemDictionary.cpp, line 210]
Event: 44.768 Thread 0x000000001d6c3800 Implicit null exception at 0x0000000002b89a52 to 0x0000000002b89bd9
Event: 154.457 Thread 0x000000001d6c1800 Exception <a 'java/lang/InterruptedException': sleep interrupted> (0x00000000d714b198) thrown at [C:\re\workspace\8-2-build-windows-amd64-cygwin\jdk8u101\7261\hotspot\src\share\vm\prims\jvm.cpp, line 3215]
Event: 154.468 Thread 0x000000001d6c2000 Exception <a 'java/lang/InterruptedException': sleep interrupted> (0x00000000d8b8b100) thrown at [C:\re\workspace\8-2-build-windows-amd64-cygwin\jdk8u101\7261\hotspot\src\share\vm\prims\jvm.cpp, line 3215]
Event: 154.782 Thread 0x000000001d6c0800 Exception <a 'java/io/FileNotFoundException'> (0x00000000d6384d60) thrown at [C:\re\workspace\8-2-build-windows-amd64-cygwin\jdk8u101\7261\hotspot\src\share\vm\prims\jni.cpp, line 709]
Event: 155.861 Thread 0x000000001d6c2000 Implicit null exception at 0x0000000003648f6c to 0x0000000003648ff5
Event: 155.897 Thread 0x000000001d6c2000 Exception <a 'java/io/FileNotFoundException'> (0x00000000e1703b58) thrown at [C:\re\workspace\8-2-build-windows-amd64-cygwin\jdk8u101\7261\hotspot\src\share\vm\prims\jni.cpp, line 709]
Event: 155.941 Thread 0x000000001d6c2000 Exception <a 'java/io/FileNotFoundException'> (0x00000000e19fe9c8) thrown at [C:\re\workspace\8-2-build-windows-amd64-cygwin\jdk8u101\7261\hotspot\src\share\vm\prims\jni.cpp, line 709]

Events (10 events):
Event: 156.111 loading class org/joda/time/ReadableInstant
Event: 156.111 loading class org/joda/time/ReadableInstant done
Event: 156.111 loading class org/joda/time/ReadableInstant
Event: 156.111 loading class org/joda/time/ReadableInstant done
Event: 156.139 loading class com/google/springrest/entity/User_
Event: 156.139 loading class com/google/springrest/entity/User_ done
Event: 156.140 loading class com/google/springrest/entity/Weather_
Event: 156.140 loading class com/google/springrest/entity/Weather_ done
Event: 156.141 loading class com/google/springrest/entity/Wind_
Event: 156.141 loading class com/google/springrest/entity/Wind_ done


Dynamic libraries:
0x00007ff61d8e0000 - 0x00007ff61d917000 	C:\Program Files\Java\jdk1.8.0_101\bin\javaw.exe
0x00007ffc17fb0000 - 0x00007ffc1815d000 	C:\Windows\SYSTEM32\ntdll.dll
0x00007ffc17720000 - 0x00007ffc1785e000 	C:\Windows\system32\KERNEL32.DLL
0x00007ffc152e0000 - 0x00007ffc153f5000 	C:\Windows\system32\KERNELBASE.dll
0x00007ffc13a80000 - 0x00007ffc13b0e000 	C:\Windows\system32\apphelp.dll
0x00007ffbfaad0000 - 0x00007ffbfab23000 	C:\Windows\AppPatch\AppPatch64\AcGenral.DLL
0x00007ffc17d70000 - 0x00007ffc17e1a000 	C:\Windows\system32\msvcrt.dll
0x00007ffc15200000 - 0x00007ffc1522e000 	C:\Windows\system32\SspiCli.dll
0x00007ffc15900000 - 0x00007ffc15954000 	C:\Windows\system32\SHLWAPI.dll
0x00007ffc17e20000 - 0x00007ffc17f97000 	C:\Windows\system32\USER32.dll
0x00007ffc15630000 - 0x00007ffc157c4000 	C:\Windows\system32\ole32.dll
0x00007ffc15ed0000 - 0x00007ffc173f9000 	C:\Windows\system32\SHELL32.dll
0x00007ffc14690000 - 0x00007ffc146b1000 	C:\Windows\SYSTEM32\USERENV.dll
0x00007ffc17a00000 - 0x00007ffc17aaa000 	C:\Windows\system32\ADVAPI32.dll
0x00007ffc07270000 - 0x00007ffc0728e000 	C:\Windows\SYSTEM32\MPR.dll
0x00007ffc178c0000 - 0x00007ffc17a00000 	C:\Windows\system32\RPCRT4.dll
0x00007ffc158a0000 - 0x00007ffc158f9000 	C:\Windows\SYSTEM32\sechost.dll
0x00007ffc15cb0000 - 0x00007ffc15ec2000 	C:\Windows\SYSTEM32\combase.dll
0x00007ffc17ab0000 - 0x00007ffc17bfb000 	C:\Windows\system32\GDI32.dll
0x00007ffc150d0000 - 0x00007ffc150e5000 	C:\Windows\SYSTEM32\profapi.dll
0x00007ffc12830000 - 0x00007ffc128e2000 	C:\Windows\SYSTEM32\SHCORE.dll
0x00007ffc17c70000 - 0x00007ffc17ca6000 	C:\Windows\system32\IMM32.DLL
0x00007ffc15960000 - 0x00007ffc15ab2000 	C:\Windows\system32\MSCTF.dll
0x00007ffc11c10000 - 0x00007ffc11e8b000 	C:\Windows\WinSxS\amd64_microsoft.windows.common-controls_6595b64144ccf1df_6.0.9600.18006_none_623f33d3ecbe86e8\COMCTL32.dll
0x00000000649f0000 - 0x0000000064ac2000 	C:\Program Files\Java\jdk1.8.0_101\jre\bin\msvcr100.dll
0x0000000063d60000 - 0x00000000645fa000 	C:\Program Files\Java\jdk1.8.0_101\jre\bin\server\jvm.dll
0x00007ffc0bb70000 - 0x00007ffc0bb79000 	C:\Windows\SYSTEM32\WSOCK32.dll
0x00007ffc11a50000 - 0x00007ffc11a72000 	C:\Windows\SYSTEM32\WINMM.dll
0x00007ffc14130000 - 0x00007ffc1413a000 	C:\Windows\SYSTEM32\VERSION.dll
0x00007ffc15ac0000 - 0x00007ffc15ac7000 	C:\Windows\system32\PSAPI.DLL
0x00007ffc17860000 - 0x00007ffc178ba000 	C:\Windows\system32\WS2_32.dll
0x00007ffc10510000 - 0x00007ffc1053a000 	C:\Windows\SYSTEM32\WINMMBASE.dll
0x00007ffc17710000 - 0x00007ffc17719000 	C:\Windows\system32\NSI.dll
0x00007ffc155e0000 - 0x00007ffc1562f000 	C:\Windows\SYSTEM32\cfgmgr32.dll
0x00007ffc13ec0000 - 0x00007ffc13ee8000 	C:\Windows\SYSTEM32\DEVOBJ.dll
0x0000000063d50000 - 0x0000000063d5f000 	C:\Program Files\Java\jdk1.8.0_101\jre\bin\verify.dll
0x0000000063d20000 - 0x0000000063d49000 	C:\Program Files\Java\jdk1.8.0_101\jre\bin\java.dll
0x0000000063d00000 - 0x0000000063d16000 	C:\Program Files\Java\jdk1.8.0_101\jre\bin\zip.dll
0x0000000063cf0000 - 0x0000000063cfd000 	C:\Program Files\Java\jdk1.8.0_101\jre\bin\management.dll
0x0000000063cd0000 - 0x0000000063cea000 	C:\Program Files\Java\jdk1.8.0_101\jre\bin\net.dll
0x0000000180000000 - 0x000000018006d000 	C:\Windows\system32\LavasoftTcpService64.dll
0x00007ffc14900000 - 0x00007ffc14959000 	C:\Windows\SYSTEM32\MSWSOCK.dll
0x00007ffc14140000 - 0x00007ffc1416a000 	C:\Windows\SYSTEM32\IPHLPAPI.DLL
0x00007ffc175e0000 - 0x00007ffc176a6000 	C:\Windows\system32\OLEAUT32.dll
0x00007ffc14120000 - 0x00007ffc1412a000 	C:\Windows\SYSTEM32\WINNSI.DLL
0x00007ffc09f40000 - 0x00007ffc09f55000 	C:\Windows\system32\napinsp.dll
0x00007ffc09f20000 - 0x00007ffc09f3a000 	C:\Windows\system32\pnrpnsp.dll
0x00007ffc13410000 - 0x00007ffc1342b000 	C:\Windows\system32\NLAapi.dll
0x00007ffc14700000 - 0x00007ffc147a4000 	C:\Windows\SYSTEM32\DNSAPI.dll
0x00007ffc09f10000 - 0x00007ffc09f1d000 	C:\Windows\System32\winrnr.dll
0x00007ffc09ec0000 - 0x00007ffc09ed4000 	C:\Windows\system32\wshbth.dll
0x0000000065de0000 - 0x0000000065e06000 	C:\Program Files\Bonjour\mdnsNSP.dll
0x00007ffc09f00000 - 0x00007ffc09f0a000 	C:\Windows\System32\rasadhlp.dll
0x00007ffc0fca0000 - 0x00007ffc0fd0b000 	C:\Windows\System32\fwpuclnt.dll
0x00007ffc13eb0000 - 0x00007ffc13ebb000 	C:\Windows\SYSTEM32\kernel.appcore.dll
0x00007ffc14f40000 - 0x00007ffc14f4b000 	C:\Windows\SYSTEM32\CRYPTBASE.dll
0x00007ffc14ed0000 - 0x00007ffc14f33000 	C:\Windows\SYSTEM32\bcryptPrimitives.dll
0x00007ffc13ce0000 - 0x00007ffc13e09000 	C:\Windows\system32\uxtheme.dll
0x00007ffc0d6c0000 - 0x00007ffc0d76b000 	C:\Program Files\Common Files\microsoft shared\ink\tiptsf.dll
0x0000000063cb0000 - 0x0000000063cc1000 	C:\Program Files\Java\jdk1.8.0_101\jre\bin\nio.dll
0x00007ffc14960000 - 0x00007ffc14980000 	C:\Windows\SYSTEM32\CRYPTSP.dll
0x00007ffc14580000 - 0x00007ffc145b6000 	C:\Windows\system32\rsaenh.dll
0x00007ffc14bb0000 - 0x00007ffc14bd6000 	C:\Windows\SYSTEM32\bcrypt.dll
0x00007ffc0fc70000 - 0x00007ffc0fc86000 	C:\Windows\SYSTEM32\dhcpcsvc6.DLL
0x00007ffc0ff40000 - 0x00007ffc0ff5a000 	C:\Windows\SYSTEM32\dhcpcsvc.DLL
0x00007ffc0aa40000 - 0x00007ffc0abc9000 	C:\Windows\SYSTEM32\dbghelp.dll

VM Arguments:
jvm_args: -Dfile.encoding=UTF-8 
java_command: com.google.springrest.Application
java_class_path (initial): C:\Users\Ketan\workspace\weather-boot\target\classes;C:\Users\Ketan\.m2\repository\org\springframework\boot\spring-boot-devtools\1.5.1.RELEASE\spring-boot-devtools-1.5.1.RELEASE.jar;C:\Users\Ketan\.m2\repository\org\springframework\boot\spring-boot\1.5.1.RELEASE\spring-boot-1.5.1.RELEASE.jar;C:\Users\Ketan\.m2\repository\org\springframework\spring-core\4.3.6.RELEASE\spring-core-4.3.6.RELEASE.jar;C:\Users\Ketan\.m2\repository\commons-logging\commons-logging\1.2\commons-logging-1.2.jar;C:\Users\Ketan\.m2\repository\org\springframework\spring-context\4.3.6.RELEASE\spring-context-4.3.6.RELEASE.jar;C:\Users\Ketan\.m2\repository\org\springframework\boot\spring-boot-autoconfigure\1.5.1.RELEASE\spring-boot-autoconfigure-1.5.1.RELEASE.jar;C:\Users\Ketan\.m2\repository\org\springframework\boot\spring-boot-starter-web\1.5.1.RELEASE\spring-boot-starter-web-1.5.1.RELEASE.jar;C:\Users\Ketan\.m2\repository\org\springframework\boot\spring-boot-starter\1.5.1.RELEASE\spring-boot-starter-1.5.1.RELEASE.jar;C:\Users\Ketan\.m2\repository\org\springframework\boot\spring-boot-starter-logging\1.5.1.RELEASE\spring-boot-starter-logging-1.5.1.RELEASE.jar;C:\Users\Ketan\.m2\repository\ch\qos\logback\logback-classic\1.1.9\logback-classic-1.1.9.jar;C:\Users\Ketan\.m2\repository\ch\qos\logback\logback-core\1.1.9\logback-core-1.1.9.jar;C:\Users\Ketan\.m2\repository\org\slf4j\jul-to-slf4j\1.7.22\jul-to-slf4j-1.7.22.jar;C:\Users\Ketan\.m2\repository\org\slf4j\log4j-over-slf4j\1.7.22\log4j-over-slf4j-1.7.22.jar;C:\Users\Ketan\.m2\repository\org\yaml\snakeyaml\1.17\snakeyaml-1.17.jar;C:\Users\Ketan\.m2\repository\org\springframework\boot\spring-boot-starter-tomcat\1.5.1.RELEASE\spring-boot-starter-tomcat-1.5.1.RELEASE.jar;C:\Users\Ketan\.m2\repository\org\apache\tomcat\embed\tomcat-embed-core\8.5.11\tomcat-embed-core-8.5.11.jar;C:\Users\Ketan\.m2\repository\org\apache\tomcat\embed\tomcat-embed-el\8.5.11\tomcat-embed-el-8.5.11.jar;C:\Users\Ketan\.m2\repository\org\apache\tom
Launcher Type: SUN_STANDARD

Environment Variables:
PATH=C:/Program Files/Java/jre1.8.0_101/bin/server;C:/Program Files/Java/jre1.8.0_101/bin;C:/Program Files/Java/jre1.8.0_101/lib/amd64;C:\ProgramData\Oracle\Java\javapath;C:\app\Ketan\product\11.2.0\dbhome_1\bin;C:\Program Files (x86)\Intel\iCLS Client\;C:\Program Files\Intel\iCLS Client\;C:\Windows\system32;C:\Windows;C:\Windows\System32\Wbem;C:\Windows\System32\WindowsPowerShell\v1.0\;C:\Program Files\Intel\Intel(R) Management Engine Components\DAL;C:\Program Files (x86)\Intel\Intel(R) Management Engine Components\DAL;C:\Program Files\Intel\Intel(R) Management Engine Components\IPT;C:\Program Files (x86)\Intel\Intel(R) Management Engine Components\IPT;C:\Program Files (x86)\Common Files\lenovo\easyplussdk\bin;C:\Program Files (x86)\Windows Kits\8.1\Windows Performance Toolkit\;C:\Program Files\Microsoft SQL Server\110\Tools\Binn\;C:\Program Files (x86)\Microsoft SDKs\TypeScript\1.0\;C:\Program Files\Java\jdk1.7.0_79\bin;C:\Windows\system32\config\systemprofile\.dnx\bin;C:\Program Files\Microsoft DNX\Dnvm\;C:\Program Files\Microsoft SQL Server\120\Tools\Binn\;C:\Program Files\Microsoft SQL Server\130\Tools\Binn\;C:\c\bin;C:\perl\site\bin;C:\perl\bin;C:\Program Files\Git\cmd;C:\Program Files\Intel\WiFi\bin\;C:\Program Files\Common Files\Intel\WirelessCommon\;C:\Program Files\PuTTY\;C:\Program Files (x86)\Skype\Phone\;C:\Program Files\MongoDB\Server\3.4\bin;C:\Program Files\MySQL\MySQL Utilities 1.6\;C:\Users\Ketan\Anaconda3;C:\Users\Ketan\Anaconda3\Scripts;C:\Users\Ketan\Anaconda3\Library\bin;C:\Program Files (x86)\SSH Communications Security\SSH Secure Shell;C:\Program Files\Java\jdk1.8.0_101\bin;C:\Program Files\Java\jre1.8.0_101\bin;C:\Program Files\Intel\WiFi\bin\;C:\Program Files\Common Files\Intel\WirelessCommon\;C:\Program Files\MongoDB\Server\3.4\bin;C:\Users\Ketan\eclipse\java-neon\eclipse;
USERNAME=Ketan
OS=Windows_NT
PROCESSOR_IDENTIFIER=Intel64 Family 6 Model 61 Stepping 4, GenuineIntel



---------------  S Y S T E M  ---------------

OS: Windows 8.1 , 64 bit Build 9600 (6.3.9600.17415)

CPU:total 4 (2 cores per cpu, 2 threads per core) family 6 model 61 stepping 4, cmov, cx8, fxsr, mmx, sse, sse2, sse3, ssse3, sse4.1, sse4.2, popcnt, avx, avx2, aes, clmul, erms, 3dnowpref, lzcnt, ht, tsc, tscinvbit, bmi1, bmi2, adx

Memory: 4k page, physical 8301904k(2450796k free), swap 16690512k(9412668k free)

vm_info: Java HotSpot(TM) 64-Bit Server VM (25.101-b13) for windows-amd64 JRE (1.8.0_101-b13), built on Jun 22 2016 01:21:29 by "java_re" with MS VC++ 10.0 (VS2010)

time: Wed Aug 16 18:11:51 2017
elapsed time: 156 seconds (0d 0h 2m 36s)

